# JRE version: Java(TM) SE Runtime Environment (8.0_131-b11) (build 1.8.0_131-b11)
# Java VM: Java HotSpot(TM) 64-Bit Server VM (25.131-b11 mixed mode windows-amd64 compressed oops)
Heap:
 PSYoungGen      total 149504K, used 23404K [0x00000000ec380000, 0x00000000f7200000, 0x0000000100000000)
  eden space 126464K, 7% used [0x00000000ec380000,0x00000000eccad8f0,0x00000000f3f00000)
  from space 23040K, 60% used [0x00000000f5b80000,0x00000000f692da70,0x00000000f7200000)
  to   space 26112K, 0% used [0x00000000f3f00000,0x00000000f3f00000,0x00000000f5880000)
 ParOldGen       total 92160K, used 38067K [0x00000000c4a00000, 0x00000000ca400000, 0x00000000ec380000)
  object space 92160K, 41% used [0x00000000c4a00000,0x00000000c6f2ced8,0x00000000ca400000)
 Metaspace       used 39250K, capacity 40096K, committed 40320K, reserved 1085440K
  class space    used 4698K, capacity 4956K, committed 4992K, reserved 1048576K
GC Heap History (10 events):
Event: 15.082 GC heap before
{Heap before GC invocations=8 (full 1):
 PSYoungGen      total 93184K, used 93166K [0x00000000ec380000, 0x00000000f5280000, 0x0000000100000000)
  eden space 81408K, 100% used [0x00000000ec380000,0x00000000f1300000,0x00000000f1300000)
  from space 11776K, 99% used [0x00000000f4700000,0x00000000f527bae8,0x00000000f5280000)
  to   space 13824K, 0% used [0x00000000f3780000,0x00000000f3780000,0x00000000f4500000)
 ParOldGen       total 55296K, used 20788K [0x00000000c4a00000, 0x00000000c8000000, 0x00000000ec380000)
  object space 55296K, 37% used [0x00000000c4a00000,0x00000000c5e4d010,0x00000000c8000000)
 Metaspace       used 25173K, capacity 25848K, committed 25984K, reserved 1073152K
  class space    used 2945K, capacity 3177K, committed 3200K, reserved 1048576K
Event: 15.117 GC heap after
Heap after GC invocations=8 (full 1):
 PSYoungGen      total 125440K, used 13795K [0x00000000ec380000, 0x00000000f5780000, 0x0000000100000000)
  eden space 111616K, 0% used [0x00000000ec380000,0x00000000ec380000,0x00000000f3080000)
  from space 13824K, 99% used [0x00000000f3780000,0x00000000f44f8df8,0x00000000f4500000)
  to   space 18944K, 0% used [0x00000000f4500000,0x00000000f4500000,0x00000000f5780000)
 ParOldGen       total 55296K, used 27603K [0x00000000c4a00000, 0x00000000c8000000, 0x00000000ec380000)
  object space 55296K, 49% used [0x00000000c4a00000,0x00000000c64f4fb8,0x00000000c8000000)
 Metaspace       used 25173K, capacity 25848K, committed 25984K, reserved 1073152K
  class space    used 2945K, capacity 3177K, committed 3200K, reserved 1048576K
}
Event: 15.841 GC heap before
{Heap before GC invocations=9 (full 1):
 PSYoungGen      total 125440K, used 125411K [0x00000000ec380000, 0x00000000f5780000, 0x0000000100000000)
  eden space 111616K, 100% used [0x00000000ec380000,0x00000000f3080000,0x00000000f3080000)
  from space 13824K, 99% used [0x00000000f3780000,0x00000000f44f8df8,0x00000000f4500000)
  to   space 18944K, 0% used [0x00000000f4500000,0x00000000f4500000,0x00000000f5780000)
 ParOldGen       total 55296K, used 27603K [0x00000000c4a00000, 0x00000000c8000000, 0x00000000ec380000)
  object space 55296K, 49% used [0x00000000c4a00000,0x00000000c64f4fb8,0x00000000c8000000)
 Metaspace       used 25182K, capacity 25848K, committed 25984K, reserved 1073152K
  class space    used 2945K, capacity 3177K, committed 3200K, reserved 1048576K
Event: 15.876 GC heap after
Heap after GC invocations=9 (full 1):
 PSYoungGen      total 124416K, used 18929K [0x00000000ec380000, 0x00000000f9300000, 0x0000000100000000)
  eden space 105472K, 0% used [0x00000000ec380000,0x00000000ec380000,0x00000000f2a80000)
  from space 18944K, 99% used [0x00000000f4500000,0x00000000f577c660,0x00000000f5780000)
  to   space 27136K, 0% used [0x00000000f2a80000,0x00000000f2a80000,0x00000000f4500000)
 ParOldGen       total 55296K, used 37462K [0x00000000c4a00000, 0x00000000c8000000, 0x00000000ec380000)
  object space 55296K, 67% used [0x00000000c4a00000,0x00000000c6e95b40,0x00000000c8000000)
 Metaspace       used 25182K, capacity 25848K, committed 25984K, reserved 1073152K
  class space    used 2945K, capacity 3177K, committed 3200K, reserved 1048576K
}
Event: 18.311 GC heap before
{Heap before GC invocations=10 (full 1):
 PSYoungGen      total 124416K, used 124401K [0x00000000ec380000, 0x00000000f9300000, 0x0000000100000000)
  eden space 105472K, 100% used [0x00000000ec380000,0x00000000f2a80000,0x00000000f2a80000)
  from space 18944K, 99% used [0x00000000f4500000,0x00000000f577c660,0x00000000f5780000)
  to   space 27136K, 0% used [0x00000000f2a80000,0x00000000f2a80000,0x00000000f4500000)
 ParOldGen       total 55296K, used 37462K [0x00000000c4a00000, 0x00000000c8000000, 0x00000000ec380000)
  object space 55296K, 67% used [0x00000000c4a00000,0x00000000c6e95b40,0x00000000c8000000)
 Metaspace       used 27736K, capacity 28526K, committed 28672K, reserved 1075200K
  class space    used 3267K, capacity 3520K, committed 3584K, reserved 1048576K
Event: 18.335 GC heap after
Heap after GC invocations=10 (full 1):
 PSYoungGen      total 132608K, used 14524K [0x00000000ec380000, 0x00000000f7580000, 0x0000000100000000)
  eden space 105472K, 0% used [0x00000000ec380000,0x00000000ec380000,0x00000000f2a80000)
  from space 27136K, 53% used [0x00000000f2a80000,0x00000000f38af098,0x00000000f4500000)
  to   space 26624K, 0% used [0x00000000f5b80000,0x00000000f5b80000,0x00000000f7580000)
 ParOldGen       total 55296K, used 46247K [0x00000000c4a00000, 0x00000000c8000000, 0x00000000ec380000)
  object space 55296K, 83% used [0x00000000c4a00000,0x00000000c7729fb8,0x00000000c8000000)
 Metaspace       used 27736K, capacity 28526K, committed 28672K, reserved 1075200K
  class space    used 3267K, capacity 3520K, committed 3584K, reserved 1048576K
}
Event: 18.335 GC heap before
{Heap before GC invocations=11 (full 2):
 PSYoungGen      total 132608K, used 14524K [0x00000000ec380000, 0x00000000f7580000, 0x0000000100000000)
  eden space 105472K, 0% used [0x00000000ec380000,0x00000000ec380000,0x00000000f2a80000)
  from space 27136K, 53% used [0x00000000f2a80000,0x00000000f38af098,0x00000000f4500000)
  to   space 26624K, 0% used [0x00000000f5b80000,0x00000000f5b80000,0x00000000f7580000)
 ParOldGen       total 55296K, used 46247K [0x00000000c4a00000, 0x00000000c8000000, 0x00000000ec380000)
  object space 55296K, 83% used [0x00000000c4a00000,0x00000000c7729fb8,0x00000000c8000000)
 Metaspace       used 27736K, capacity 28526K, committed 28672K, reserved 1075200K
  class space    used 3267K, capacity 3520K, committed 3584K, reserved 1048576K
Event: 18.849 GC heap after
Heap after GC invocations=11 (full 2):
 PSYoungGen      total 132608K, used 0K [0x00000000ec380000, 0x00000000f7580000, 0x0000000100000000)
  eden space 105472K, 0% used [0x00000000ec380000,0x00000000ec380000,0x00000000f2a80000)
  from space 27136K, 0% used [0x00000000f2a80000,0x00000000f2a80000,0x00000000f4500000)
  to   space 26624K, 0% used [0x00000000f5b80000,0x00000000f5b80000,0x00000000f7580000)
 ParOldGen       total 92160K, used 38059K [0x00000000c4a00000, 0x00000000ca400000, 0x00000000ec380000)
  object space 92160K, 41% used [0x00000000c4a00000,0x00000000c6f2aed8,0x00000000ca400000)
 Metaspace       used 27736K, capacity 28526K, committed 28672K, reserved 1075200K
  class space    used 3267K, capacity 3520K, committed 3584K, reserved 1048576K
}
Event: 25.296 GC heap before
{Heap before GC invocations=12 (full 2):
 PSYoungGen      total 132608K, used 105472K [0x00000000ec380000, 0x00000000f7580000, 0x0000000100000000)
  eden space 105472K, 100% used [0x00000000ec380000,0x00000000f2a80000,0x00000000f2a80000)
  from space 27136K, 0% used [0x00000000f2a80000,0x00000000f2a80000,0x00000000f4500000)
  to   space 26624K, 0% used [0x00000000f5b80000,0x00000000f5b80000,0x00000000f7580000)
 ParOldGen       total 92160K, used 38059K [0x00000000c4a00000, 0x00000000ca400000, 0x00000000ec380000)
  object space 92160K, 41% used [0x00000000c4a00000,0x00000000c6f2aed8,0x00000000ca400000)
 Metaspace       used 38583K, capacity 39424K, committed 39680K, reserved 1083392K
  class space    used 4604K, capacity 4860K, committed 4864K, reserved 1048576K
Event: 25.318 GC heap after
Heap after GC invocations=12 (full 2):
 PSYoungGen      total 149504K, used 14006K [0x00000000ec380000, 0x00000000f7200000, 0x0000000100000000)
  eden space 126464K, 0% used [0x00000000ec380000,0x00000000ec380000,0x00000000f3f00000)
  from space 23040K, 60% used [0x00000000f5b80000,0x00000000f692da70,0x00000000f7200000)
  to   space 26112K, 0% used [0x00000000f3f00000,0x00000000f3f00000,0x00000000f5880000)
 ParOldGen       total 92160K, used 38067K [0x00000000c4a00000, 0x00000000ca400000, 0x00000000ec380000)
  object space 92160K, 41% used [0x00000000c4a00000,0x00000000c6f2ced8,0x00000000ca400000)
 Metaspace       used 38583K, capacity 39424K, committed 39680K, reserved 1083392K
  class space    used 4604K, capacity 4860K, committed 4864K, reserved 1048576K
}

