# JRE version: Java(TM) SE Runtime Environment (8.0_131-b11) (build 1.8.0_131-b11)
# Java VM: Java HotSpot(TM) 64-Bit Server VM (25.131-b11 mixed mode windows-amd64 compressed oops)
Heap:
 PSYoungGen      total 97792K, used 65814K [0x00000000ec380000, 0x00000000f3780000, 0x0000000100000000)
  eden space 79872K, 59% used [0x00000000ec380000,0x00000000ef24c538,0x00000000f1180000)
  from space 17920K, 99% used [0x00000000f1180000,0x00000000f22f9630,0x00000000f2300000)
  to   space 13312K, 0% used [0x00000000f2300000,0x00000000f2300000,0x00000000f3000000)
 ParOldGen       total 52224K, used 33078K [0x00000000c4a00000, 0x00000000c7d00000, 0x00000000ec380000)
  object space 52224K, 63% used [0x00000000c4a00000,0x00000000c6a4d808,0x00000000c7d00000)
 Metaspace       used 25227K, capacity 25850K, committed 25984K, reserved 1073152K
  class space    used 2949K, capacity 3178K, committed 3200K, reserved 1048576K
GC Heap History (10 events):
Event: 3.716 GC heap before
{Heap before GC invocations=6 (full 0):
 PSYoungGen      total 33280K, used 8774K [0x00000000ec380000, 0x00000000f1480000, 0x0000000100000000)
  eden space 30720K, 20% used [0x00000000ec380000,0x00000000ec9939f0,0x00000000ee180000)
  from space 2560K, 99% used [0x00000000ee180000,0x00000000ee3fe050,0x00000000ee400000)
  to   space 10752K, 0% used [0x00000000f0a00000,0x00000000f0a00000,0x00000000f1480000)
 ParOldGen       total 40960K, used 18710K [0x00000000c4a00000, 0x00000000c7200000, 0x00000000ec380000)
  object space 40960K, 45% used [0x00000000c4a00000,0x00000000c5c459a8,0x00000000c7200000)
 Metaspace       used 20717K, capacity 21190K, committed 21296K, reserved 1069056K
  class space    used 2439K, capacity 2599K, committed 2688K, reserved 1048576K
Event: 3.757 GC heap after
Heap after GC invocations=6 (full 0):
 PSYoungGen      total 72192K, used 4305K [0x00000000ec380000, 0x00000000f1480000, 0x0000000100000000)
  eden space 61440K, 0% used [0x00000000ec380000,0x00000000ec380000,0x00000000eff80000)
  from space 10752K, 40% used [0x00000000f0a00000,0x00000000f0e345b0,0x00000000f1480000)
  to   space 10752K, 0% used [0x00000000eff80000,0x00000000eff80000,0x00000000f0a00000)
 ParOldGen       total 40960K, used 18710K [0x00000000c4a00000, 0x00000000c7200000, 0x00000000ec380000)
  object space 40960K, 45% used [0x00000000c4a00000,0x00000000c5c459a8,0x00000000c7200000)
 Metaspace       used 20717K, capacity 21190K, committed 21296K, reserved 1069056K
  class space    used 2439K, capacity 2599K, committed 2688K, reserved 1048576K
}
Event: 3.757 GC heap before
{Heap before GC invocations=7 (full 1):
 PSYoungGen      total 72192K, used 4305K [0x00000000ec380000, 0x00000000f1480000, 0x0000000100000000)
  eden space 61440K, 0% used [0x00000000ec380000,0x00000000ec380000,0x00000000eff80000)
  from space 10752K, 40% used [0x00000000f0a00000,0x00000000f0e345b0,0x00000000f1480000)
  to   space 10752K, 0% used [0x00000000eff80000,0x00000000eff80000,0x00000000f0a00000)
 ParOldGen       total 40960K, used 18710K [0x00000000c4a00000, 0x00000000c7200000, 0x00000000ec380000)
  object space 40960K, 45% used [0x00000000c4a00000,0x00000000c5c459a8,0x00000000c7200000)
 Metaspace       used 20717K, capacity 21190K, committed 21296K, reserved 1069056K
  class space    used 2439K, capacity 2599K, committed 2688K, reserved 1048576K
Event: 3.972 GC heap after
Heap after GC invocations=7 (full 1):
 PSYoungGen      total 72192K, used 0K [0x00000000ec380000, 0x00000000f1480000, 0x0000000100000000)
  eden space 61440K, 0% used [0x00000000ec380000,0x00000000ec380000,0x00000000eff80000)
  from space 10752K, 0% used [0x00000000f0a00000,0x00000000f0a00000,0x00000000f1480000)
  to   space 10752K, 0% used [0x00000000eff80000,0x00000000eff80000,0x00000000f0a00000)
 ParOldGen       total 52224K, used 20621K [0x00000000c4a00000, 0x00000000c7d00000, 0x00000000ec380000)
  object space 52224K, 39% used [0x00000000c4a00000,0x00000000c5e234e8,0x00000000c7d00000)
 Metaspace       used 20717K, capacity 21190K, committed 21296K, reserved 1069056K
  class space    used 2439K, capacity 2599K, committed 2688K, reserved 1048576K
}
Event: 12.699 GC heap before
{Heap before GC invocations=8 (full 1):
 PSYoungGen      total 72192K, used 61440K [0x00000000ec380000, 0x00000000f1480000, 0x0000000100000000)
  eden space 61440K, 100% used [0x00000000ec380000,0x00000000eff80000,0x00000000eff80000)
  from space 10752K, 0% used [0x00000000f0a00000,0x00000000f0a00000,0x00000000f1480000)
  to   space 10752K, 0% used [0x00000000eff80000,0x00000000eff80000,0x00000000f0a00000)
 ParOldGen       total 52224K, used 20621K [0x00000000c4a00000, 0x00000000c7d00000, 0x00000000ec380000)
  object space 52224K, 39% used [0x00000000c4a00000,0x00000000c5e234e8,0x00000000c7d00000)
 Metaspace       used 25127K, capacity 25776K, committed 25984K, reserved 1073152K
  class space    used 2947K, capacity 3176K, committed 3200K, reserved 1048576K
Event: 12.726 GC heap after
Heap after GC invocations=8 (full 1):
 PSYoungGen      total 72192K, used 10732K [0x00000000ec380000, 0x00000000f3000000, 0x0000000100000000)
  eden space 61440K, 0% used [0x00000000ec380000,0x00000000ec380000,0x00000000eff80000)
  from space 10752K, 99% used [0x00000000eff80000,0x00000000f09fb370,0x00000000f0a00000)
  to   space 13312K, 0% used [0x00000000f2300000,0x00000000f2300000,0x00000000f3000000)
 ParOldGen       total 52224K, used 22376K [0x00000000c4a00000, 0x00000000c7d00000, 0x00000000ec380000)
  object space 52224K, 42% used [0x00000000c4a00000,0x00000000c5fda088,0x00000000c7d00000)
 Metaspace       used 25127K, capacity 25776K, committed 25984K, reserved 1073152K
  class space    used 2947K, capacity 3176K, committed 3200K, reserved 1048576K
}
Event: 13.747 GC heap before
{Heap before GC invocations=9 (full 1):
 PSYoungGen      total 72192K, used 72172K [0x00000000ec380000, 0x00000000f3000000, 0x0000000100000000)
  eden space 61440K, 100% used [0x00000000ec380000,0x00000000eff80000,0x00000000eff80000)
  from space 10752K, 99% used [0x00000000eff80000,0x00000000f09fb370,0x00000000f0a00000)
  to   space 13312K, 0% used [0x00000000f2300000,0x00000000f2300000,0x00000000f3000000)
 ParOldGen       total 52224K, used 22376K [0x00000000c4a00000, 0x00000000c7d00000, 0x00000000ec380000)
  object space 52224K, 42% used [0x00000000c4a00000,0x00000000c5fda088,0x00000000c7d00000)
 Metaspace       used 25201K, capacity 25840K, committed 25984K, reserved 1073152K
  class space    used 2947K, capacity 3176K, committed 3200K, reserved 1048576K
Event: 13.765 GC heap after
Heap after GC invocations=9 (full 1):
 PSYoungGen      total 93184K, used 13299K [0x00000000ec380000, 0x00000000f3780000, 0x0000000100000000)
  eden space 79872K, 0% used [0x00000000ec380000,0x00000000ec380000,0x00000000f1180000)
  from space 13312K, 99% used [0x00000000f2300000,0x00000000f2ffcf10,0x00000000f3000000)
  to   space 17920K, 0% used [0x00000000f1180000,0x00000000f1180000,0x00000000f2300000)
 ParOldGen       total 52224K, used 28463K [0x00000000c4a00000, 0x00000000c7d00000, 0x00000000ec380000)
  object space 52224K, 54% used [0x00000000c4a00000,0x00000000c65cbd20,0x00000000c7d00000)
 Metaspace       used 25201K, capacity 25840K, committed 25984K, reserved 1073152K
  class space    used 2947K, capacity 3176K, committed 3200K, reserved 1048576K
}
Event: 14.253 GC heap before
{Heap before GC invocations=10 (full 1):
 PSYoungGen      total 93184K, used 93171K [0x00000000ec380000, 0x00000000f3780000, 0x0000000100000000)
  eden space 79872K, 100% used [0x00000000ec380000,0x00000000f1180000,0x00000000f1180000)
  from space 13312K, 99% used [0x00000000f2300000,0x00000000f2ffcf10,0x00000000f3000000)
  to   space 17920K, 0% used [0x00000000f1180000,0x00000000f1180000,0x00000000f2300000)
 ParOldGen       total 52224K, used 28463K [0x00000000c4a00000, 0x00000000c7d00000, 0x00000000ec380000)
  object space 52224K, 54% used [0x00000000c4a00000,0x00000000c65cbd20,0x00000000c7d00000)
 Metaspace       used 25227K, capacity 25850K, committed 25984K, reserved 1073152K
  class space    used 2949K, capacity 3178K, committed 3200K, reserved 1048576K
Event: 14.278 GC heap after
Heap after GC invocations=10 (full 1):
 PSYoungGen      total 97792K, used 17893K [0x00000000ec380000, 0x00000000f3780000, 0x0000000100000000)
  eden space 79872K, 0% used [0x00000000ec380000,0x00000000ec380000,0x00000000f1180000)
  from space 17920K, 99% used [0x00000000f1180000,0x00000000f22f9630,0x00000000f2300000)
  to   space 13312K, 0% used [0x00000000f2300000,0x00000000f2300000,0x00000000f3000000)
 ParOldGen       total 52224K, used 33078K [0x00000000c4a00000, 0x00000000c7d00000, 0x00000000ec380000)
  object space 52224K, 63% used [0x00000000c4a00000,0x00000000c6a4d808,0x00000000c7d00000)
 Metaspace       used 25227K, capacity 25850K, committed 25984K, reserved 1073152K
  class space    used 2949K, capacity 3178K, committed 3200K, reserved 1048576K
}

