# JRE version: Java(TM) SE Runtime Environment (8.0_131-b11) (build 1.8.0_131-b11)
# Java VM: Java HotSpot(TM) 64-Bit Server VM (25.131-b11 mixed mode windows-amd64 compressed oops)
Heap:
 PSYoungGen      total 117760K, used 96783K [0x00000000ec380000, 0x00000000f4f80000, 0x0000000100000000)
  eden space 95744K, 87% used [0x00000000ec380000,0x00000000f14f93e0,0x00000000f2100000)
  from space 22016K, 60% used [0x00000000f3680000,0x00000000f438ab88,0x00000000f4c00000)
  to   space 22016K, 0% used [0x00000000f2100000,0x00000000f2100000,0x00000000f3680000)
 ParOldGen       total 54272K, used 41301K [0x00000000c4a00000, 0x00000000c7f00000, 0x00000000ec380000)
  object space 54272K, 76% used [0x00000000c4a00000,0x00000000c7255610,0x00000000c7f00000)
 Metaspace       used 29090K, capacity 29852K, committed 30080K, reserved 1075200K
  class space    used 3424K, capacity 3683K, committed 3712K, reserved 1048576K
GC Heap History (10 events):
Event: 3.297 GC heap before
{Heap before GC invocations=7 (full 1):
 PSYoungGen      total 72192K, used 4449K [0x00000000ec380000, 0x00000000f1480000, 0x0000000100000000)
  eden space 61440K, 0% used [0x00000000ec380000,0x00000000ec380000,0x00000000eff80000)
  from space 10752K, 41% used [0x00000000f0a00000,0x00000000f0e585a0,0x00000000f1480000)
  to   space 10752K, 0% used [0x00000000eff80000,0x00000000eff80000,0x00000000f0a00000)
 ParOldGen       total 40960K, used 18472K [0x00000000c4a00000, 0x00000000c7200000, 0x00000000ec380000)
  object space 40960K, 45% used [0x00000000c4a00000,0x00000000c5c0a110,0x00000000c7200000)
 Metaspace       used 20710K, capacity 21222K, committed 21296K, reserved 1069056K
  class space    used 2445K, capacity 2631K, committed 2688K, reserved 1048576K
Event: 3.439 GC heap after
Heap after GC invocations=7 (full 1):
 PSYoungGen      total 72192K, used 0K [0x00000000ec380000, 0x00000000f1480000, 0x0000000100000000)
  eden space 61440K, 0% used [0x00000000ec380000,0x00000000ec380000,0x00000000eff80000)
  from space 10752K, 0% used [0x00000000f0a00000,0x00000000f0a00000,0x00000000f1480000)
  to   space 10752K, 0% used [0x00000000eff80000,0x00000000eff80000,0x00000000f0a00000)
 ParOldGen       total 54272K, used 20617K [0x00000000c4a00000, 0x00000000c7f00000, 0x00000000ec380000)
  object space 54272K, 37% used [0x00000000c4a00000,0x00000000c5e227d0,0x00000000c7f00000)
 Metaspace       used 20710K, capacity 21222K, committed 21296K, reserved 1069056K
  class space    used 2445K, capacity 2631K, committed 2688K, reserved 1048576K
}
Event: 10.811 GC heap before
{Heap before GC invocations=8 (full 1):
 PSYoungGen      total 72192K, used 61440K [0x00000000ec380000, 0x00000000f1480000, 0x0000000100000000)
  eden space 61440K, 100% used [0x00000000ec380000,0x00000000eff80000,0x00000000eff80000)
  from space 10752K, 0% used [0x00000000f0a00000,0x00000000f0a00000,0x00000000f1480000)
  to   space 10752K, 0% used [0x00000000eff80000,0x00000000eff80000,0x00000000f0a00000)
 ParOldGen       total 54272K, used 20617K [0x00000000c4a00000, 0x00000000c7f00000, 0x00000000ec380000)
  object space 54272K, 37% used [0x00000000c4a00000,0x00000000c5e227d0,0x00000000c7f00000)
 Metaspace       used 25113K, capacity 25712K, committed 25984K, reserved 1073152K
  class space    used 2952K, capacity 3176K, committed 3200K, reserved 1048576K
Event: 10.833 GC heap after
Heap after GC invocations=8 (full 1):
 PSYoungGen      total 72192K, used 10739K [0x00000000ec380000, 0x00000000f2d00000, 0x0000000100000000)
  eden space 61440K, 0% used [0x00000000ec380000,0x00000000ec380000,0x00000000eff80000)
  from space 10752K, 99% used [0x00000000eff80000,0x00000000f09fce20,0x00000000f0a00000)
  to   space 13312K, 0% used [0x00000000f2000000,0x00000000f2000000,0x00000000f2d00000)
 ParOldGen       total 54272K, used 22196K [0x00000000c4a00000, 0x00000000c7f00000, 0x00000000ec380000)
  object space 54272K, 40% used [0x00000000c4a00000,0x00000000c5fad328,0x00000000c7f00000)
 Metaspace       used 25113K, capacity 25712K, committed 25984K, reserved 1073152K
  class space    used 2952K, capacity 3176K, committed 3200K, reserved 1048576K
}
Event: 11.238 GC heap before
{Heap before GC invocations=9 (full 1):
 PSYoungGen      total 72192K, used 72179K [0x00000000ec380000, 0x00000000f2d00000, 0x0000000100000000)
  eden space 61440K, 100% used [0x00000000ec380000,0x00000000eff80000,0x00000000eff80000)
  from space 10752K, 99% used [0x00000000eff80000,0x00000000f09fce20,0x00000000f0a00000)
  to   space 13312K, 0% used [0x00000000f2000000,0x00000000f2000000,0x00000000f2d00000)
 ParOldGen       total 54272K, used 22196K [0x00000000c4a00000, 0x00000000c7f00000, 0x00000000ec380000)
  object space 54272K, 40% used [0x00000000c4a00000,0x00000000c5fad328,0x00000000c7f00000)
 Metaspace       used 25174K, capacity 25840K, committed 25984K, reserved 1073152K
  class space    used 2953K, capacity 3176K, committed 3200K, reserved 1048576K
Event: 11.252 GC heap after
Heap after GC invocations=9 (full 1):
 PSYoungGen      total 90112K, used 13304K [0x00000000ec380000, 0x00000000f3800000, 0x0000000100000000)
  eden space 76800K, 0% used [0x00000000ec380000,0x00000000ec380000,0x00000000f0e80000)
  from space 13312K, 99% used [0x00000000f2000000,0x00000000f2cfe1a0,0x00000000f2d00000)
  to   space 17920K, 0% used [0x00000000f0e80000,0x00000000f0e80000,0x00000000f2000000)
 ParOldGen       total 54272K, used 27776K [0x00000000c4a00000, 0x00000000c7f00000, 0x00000000ec380000)
  object space 54272K, 51% used [0x00000000c4a00000,0x00000000c6520378,0x00000000c7f00000)
 Metaspace       used 25174K, capacity 25840K, committed 25984K, reserved 1073152K
  class space    used 2953K, capacity 3176K, committed 3200K, reserved 1048576K
}
Event: 11.620 GC heap before
{Heap before GC invocations=10 (full 1):
 PSYoungGen      total 90112K, used 90104K [0x00000000ec380000, 0x00000000f3800000, 0x0000000100000000)
  eden space 76800K, 100% used [0x00000000ec380000,0x00000000f0e80000,0x00000000f0e80000)
  from space 13312K, 99% used [0x00000000f2000000,0x00000000f2cfe1a0,0x00000000f2d00000)
  to   space 17920K, 0% used [0x00000000f0e80000,0x00000000f0e80000,0x00000000f2000000)
 ParOldGen       total 54272K, used 27776K [0x00000000c4a00000, 0x00000000c7f00000, 0x00000000ec380000)
  object space 54272K, 51% used [0x00000000c4a00000,0x00000000c6520378,0x00000000c7f00000)
 Metaspace       used 25182K, capacity 25840K, committed 25984K, reserved 1073152K
  class space    used 2953K, capacity 3176K, committed 3200K, reserved 1048576K
Event: 11.638 GC heap after
Heap after GC invocations=10 (full 1):
 PSYoungGen      total 94720K, used 17902K [0x00000000ec380000, 0x00000000f4c00000, 0x0000000100000000)
  eden space 76800K, 0% used [0x00000000ec380000,0x00000000ec380000,0x00000000f0e80000)
  from space 17920K, 99% used [0x00000000f0e80000,0x00000000f1ffbb28,0x00000000f2000000)
  to   space 22016K, 0% used [0x00000000f3680000,0x00000000f3680000,0x00000000f4c00000)
 ParOldGen       total 54272K, used 31466K [0x00000000c4a00000, 0x00000000c7f00000, 0x00000000ec380000)
  object space 54272K, 57% used [0x00000000c4a00000,0x00000000c68ba908,0x00000000c7f00000)
 Metaspace       used 25182K, capacity 25840K, committed 25984K, reserved 1073152K
  class space    used 2953K, capacity 3176K, committed 3200K, reserved 1048576K
}
Event: 11.972 GC heap before
{Heap before GC invocations=11 (full 1):
 PSYoungGen      total 94720K, used 94702K [0x00000000ec380000, 0x00000000f4c00000, 0x0000000100000000)
  eden space 76800K, 100% used [0x00000000ec380000,0x00000000f0e80000,0x00000000f0e80000)
  from space 17920K, 99% used [0x00000000f0e80000,0x00000000f1ffbb28,0x00000000f2000000)
  to   space 22016K, 0% used [0x00000000f3680000,0x00000000f3680000,0x00000000f4c00000)
 ParOldGen       total 54272K, used 31466K [0x00000000c4a00000, 0x00000000c7f00000, 0x00000000ec380000)
  object space 54272K, 57% used [0x00000000c4a00000,0x00000000c68ba908,0x00000000c7f00000)
 Metaspace       used 25200K, capacity 25850K, committed 25984K, reserved 1073152K
  class space    used 2957K, capacity 3178K, committed 3200K, reserved 1048576K
Event: 11.996 GC heap after
Heap after GC invocations=11 (full 1):
 PSYoungGen      total 117760K, used 13354K [0x00000000ec380000, 0x00000000f4f80000, 0x0000000100000000)
  eden space 95744K, 0% used [0x00000000ec380000,0x00000000ec380000,0x00000000f2100000)
  from space 22016K, 60% used [0x00000000f3680000,0x00000000f438ab88,0x00000000f4c00000)
  to   space 22016K, 0% used [0x00000000f2100000,0x00000000f2100000,0x00000000f3680000)
 ParOldGen       total 54272K, used 41301K [0x00000000c4a00000, 0x00000000c7f00000, 0x00000000ec380000)
  object space 54272K, 76% used [0x00000000c4a00000,0x00000000c7255610,0x00000000c7f00000)
 Metaspace       used 25200K, capacity 25850K, committed 25984K, reserved 1073152K
  class space    used 2957K, capacity 3178K, committed 3200K, reserved 1048576K
}

