# JRE version: Java(TM) SE Runtime Environment (8.0_131-b11) (build 1.8.0_131-b11)
# Java VM: Java HotSpot(TM) 64-Bit Server VM (25.131-b11 mixed mode windows-amd64 compressed oops)
Heap:
 PSYoungGen      total 121856K, used 51467K [0x00000000ec380000, 0x00000000f6480000, 0x0000000100000000)
  eden space 101376K, 33% used [0x00000000ec380000,0x00000000ee4d8fc8,0x00000000f2680000)
  from space 20480K, 84% used [0x00000000f2680000,0x00000000f3769d28,0x00000000f3a80000)
  to   space 22016K, 0% used [0x00000000f4f00000,0x00000000f4f00000,0x00000000f6480000)
 ParOldGen       total 85504K, used 33011K [0x00000000c4a00000, 0x00000000c9d80000, 0x00000000ec380000)
  object space 85504K, 38% used [0x00000000c4a00000,0x00000000c6a3cda0,0x00000000c9d80000)
 Metaspace       used 50543K, capacity 51496K, committed 51712K, reserved 1095680K
  class space    used 5738K, capacity 6064K, committed 6144K, reserved 1048576K
GC Heap History (10 events):
Event: 12.622 GC heap before
{Heap before GC invocations=11 (full 1):
 PSYoungGen      total 91648K, used 91634K [0x00000000ec380000, 0x00000000f4400000, 0x0000000100000000)
  eden space 73728K, 100% used [0x00000000ec380000,0x00000000f0b80000,0x00000000f0b80000)
  from space 17920K, 99% used [0x00000000f0b80000,0x00000000f1cfcab0,0x00000000f1d00000)
  to   space 22016K, 0% used [0x00000000f2e80000,0x00000000f2e80000,0x00000000f4400000)
 ParOldGen       total 54272K, used 30077K [0x00000000c4a00000, 0x00000000c7f00000, 0x00000000ec380000)
  object space 54272K, 55% used [0x00000000c4a00000,0x00000000c675f7f0,0x00000000c7f00000)
 Metaspace       used 25191K, capacity 25844K, committed 25984K, reserved 1073152K
  class space    used 2948K, capacity 3177K, committed 3200K, reserved 1048576K
Event: 12.643 GC heap after
Heap after GC invocations=11 (full 1):
 PSYoungGen      total 109568K, used 13203K [0x00000000ec380000, 0x00000000f4580000, 0x0000000100000000)
  eden space 87552K, 0% used [0x00000000ec380000,0x00000000ec380000,0x00000000f1900000)
  from space 22016K, 59% used [0x00000000f2e80000,0x00000000f3b64f50,0x00000000f4400000)
  to   space 22016K, 0% used [0x00000000f1900000,0x00000000f1900000,0x00000000f2e80000)
 ParOldGen       total 54272K, used 39896K [0x00000000c4a00000, 0x00000000c7f00000, 0x00000000ec380000)
  object space 54272K, 73% used [0x00000000c4a00000,0x00000000c70f6398,0x00000000c7f00000)
 Metaspace       used 25191K, capacity 25844K, committed 25984K, reserved 1073152K
  class space    used 2948K, capacity 3177K, committed 3200K, reserved 1048576K
}
Event: 13.849 GC heap before
{Heap before GC invocations=12 (full 1):
 PSYoungGen      total 109568K, used 100755K [0x00000000ec380000, 0x00000000f4580000, 0x0000000100000000)
  eden space 87552K, 100% used [0x00000000ec380000,0x00000000f1900000,0x00000000f1900000)
  from space 22016K, 59% used [0x00000000f2e80000,0x00000000f3b64f50,0x00000000f4400000)
  to   space 22016K, 0% used [0x00000000f1900000,0x00000000f1900000,0x00000000f2e80000)
 ParOldGen       total 54272K, used 39896K [0x00000000c4a00000, 0x00000000c7f00000, 0x00000000ec380000)
  object space 54272K, 73% used [0x00000000c4a00000,0x00000000c70f6398,0x00000000c7f00000)
 Metaspace       used 27541K, capacity 28296K, committed 28416K, reserved 1075200K
  class space    used 3249K, capacity 3487K, committed 3584K, reserved 1048576K
Event: 13.867 GC heap after
Heap after GC invocations=12 (full 1):
 PSYoungGen      total 109568K, used 11377K [0x00000000ec380000, 0x00000000f5300000, 0x0000000100000000)
  eden space 87552K, 0% used [0x00000000ec380000,0x00000000ec380000,0x00000000f1900000)
  from space 22016K, 51% used [0x00000000f1900000,0x00000000f241c6b8,0x00000000f2e80000)
  to   space 21504K, 0% used [0x00000000f3e00000,0x00000000f3e00000,0x00000000f5300000)
 ParOldGen       total 54272K, used 39904K [0x00000000c4a00000, 0x00000000c7f00000, 0x00000000ec380000)
  object space 54272K, 73% used [0x00000000c4a00000,0x00000000c70f8398,0x00000000c7f00000)
 Metaspace       used 27541K, capacity 28296K, committed 28416K, reserved 1075200K
  class space    used 3249K, capacity 3487K, committed 3584K, reserved 1048576K
}
Event: 18.486 GC heap before
{Heap before GC invocations=13 (full 1):
 PSYoungGen      total 109568K, used 90173K [0x00000000ec380000, 0x00000000f5300000, 0x0000000100000000)
  eden space 87552K, 89% used [0x00000000ec380000,0x00000000f1072e58,0x00000000f1900000)
  from space 22016K, 51% used [0x00000000f1900000,0x00000000f241c6b8,0x00000000f2e80000)
  to   space 21504K, 0% used [0x00000000f3e00000,0x00000000f3e00000,0x00000000f5300000)
 ParOldGen       total 54272K, used 39904K [0x00000000c4a00000, 0x00000000c7f00000, 0x00000000ec380000)
  object space 54272K, 73% used [0x00000000c4a00000,0x00000000c70f8398,0x00000000c7f00000)
 Metaspace       used 34587K, capacity 35356K, committed 35496K, reserved 1081344K
  class space    used 4115K, capacity 4336K, committed 4352K, reserved 1048576K
Event: 18.500 GC heap after
Heap after GC invocations=13 (full 1):
 PSYoungGen      total 118272K, used 9193K [0x00000000ec380000, 0x00000000f4e80000, 0x0000000100000000)
  eden space 101376K, 0% used [0x00000000ec380000,0x00000000ec380000,0x00000000f2680000)
  from space 16896K, 54% used [0x00000000f3e00000,0x00000000f46fa500,0x00000000f4e80000)
  to   space 20480K, 0% used [0x00000000f2680000,0x00000000f2680000,0x00000000f3a80000)
 ParOldGen       total 54272K, used 39912K [0x00000000c4a00000, 0x00000000c7f00000, 0x00000000ec380000)
  object space 54272K, 73% used [0x00000000c4a00000,0x00000000c70fa398,0x00000000c7f00000)
 Metaspace       used 34587K, capacity 35356K, committed 35496K, reserved 1081344K
  class space    used 4115K, capacity 4336K, committed 4352K, reserved 1048576K
}
Event: 18.500 GC heap before
{Heap before GC invocations=14 (full 2):
 PSYoungGen      total 118272K, used 9193K [0x00000000ec380000, 0x00000000f4e80000, 0x0000000100000000)
  eden space 101376K, 0% used [0x00000000ec380000,0x00000000ec380000,0x00000000f2680000)
  from space 16896K, 54% used [0x00000000f3e00000,0x00000000f46fa500,0x00000000f4e80000)
  to   space 20480K, 0% used [0x00000000f2680000,0x00000000f2680000,0x00000000f3a80000)
 ParOldGen       total 54272K, used 39912K [0x00000000c4a00000, 0x00000000c7f00000, 0x00000000ec380000)
  object space 54272K, 73% used [0x00000000c4a00000,0x00000000c70fa398,0x00000000c7f00000)
 Metaspace       used 34587K, capacity 35356K, committed 35496K, reserved 1081344K
  class space    used 4115K, capacity 4336K, committed 4352K, reserved 1048576K
Event: 18.663 GC heap after
Heap after GC invocations=14 (full 2):
 PSYoungGen      total 118272K, used 0K [0x00000000ec380000, 0x00000000f4e80000, 0x0000000100000000)
  eden space 101376K, 0% used [0x00000000ec380000,0x00000000ec380000,0x00000000f2680000)
  from space 16896K, 0% used [0x00000000f3e00000,0x00000000f3e00000,0x00000000f4e80000)
  to   space 20480K, 0% used [0x00000000f2680000,0x00000000f2680000,0x00000000f3a80000)
 ParOldGen       total 85504K, used 33003K [0x00000000c4a00000, 0x00000000c9d80000, 0x00000000ec380000)
  object space 85504K, 38% used [0x00000000c4a00000,0x00000000c6a3ada0,0x00000000c9d80000)
 Metaspace       used 34587K, capacity 35356K, committed 35496K, reserved 1081344K
  class space    used 4115K, capacity 4336K, committed 4352K, reserved 1048576K
}
Event: 43.712 GC heap before
{Heap before GC invocations=15 (full 2):
 PSYoungGen      total 118272K, used 101376K [0x00000000ec380000, 0x00000000f4e80000, 0x0000000100000000)
  eden space 101376K, 100% used [0x00000000ec380000,0x00000000f2680000,0x00000000f2680000)
  from space 16896K, 0% used [0x00000000f3e00000,0x00000000f3e00000,0x00000000f4e80000)
  to   space 20480K, 0% used [0x00000000f2680000,0x00000000f2680000,0x00000000f3a80000)
 ParOldGen       total 85504K, used 33003K [0x00000000c4a00000, 0x00000000c9d80000, 0x00000000ec380000)
  object space 85504K, 38% used [0x00000000c4a00000,0x00000000c6a3ada0,0x00000000c9d80000)
 Metaspace       used 47205K, capacity 48092K, committed 48384K, reserved 1091584K
  class space    used 5445K, capacity 5805K, committed 5888K, reserved 1048576K
Event: 43.731 GC heap after
Heap after GC invocations=15 (full 2):
 PSYoungGen      total 121856K, used 17319K [0x00000000ec380000, 0x00000000f6480000, 0x0000000100000000)
  eden space 101376K, 0% used [0x00000000ec380000,0x00000000ec380000,0x00000000f2680000)
  from space 20480K, 84% used [0x00000000f2680000,0x00000000f3769d28,0x00000000f3a80000)
  to   space 22016K, 0% used [0x00000000f4f00000,0x00000000f4f00000,0x00000000f6480000)
 ParOldGen       total 85504K, used 33011K [0x00000000c4a00000, 0x00000000c9d80000, 0x00000000ec380000)
  object space 85504K, 38% used [0x00000000c4a00000,0x00000000c6a3cda0,0x00000000c9d80000)
 Metaspace       used 47205K, capacity 48092K, committed 48384K, reserved 1091584K
  class space    used 5445K, capacity 5805K, committed 5888K, reserved 1048576K
}

