# JRE version: Java(TM) SE Runtime Environment (8.0_131-b11) (build 1.8.0_131-b11)
# Java VM: Java HotSpot(TM) 64-Bit Server VM (25.131-b11 mixed mode windows-amd64 compressed oops)
Heap:
 PSYoungGen      total 147456K, used 70452K [0x00000000ec380000, 0x00000000f8980000, 0x0000000100000000)
  eden space 123392K, 37% used [0x00000000ec380000,0x00000000ef0cd440,0x00000000f3c00000)
  from space 24064K, 99% used [0x00000000f7200000,0x00000000f897fe28,0x00000000f8980000)
  to   space 21504K, 0% used [0x00000000f3c00000,0x00000000f3c00000,0x00000000f5100000)
 ParOldGen       total 80384K, used 39013K [0x00000000c4a00000, 0x00000000c9880000, 0x00000000ec380000)
  object space 80384K, 48% used [0x00000000c4a00000,0x00000000c70195e0,0x00000000c9880000)
 Metaspace       used 40108K, capacity 41054K, committed 41344K, reserved 1085440K
  class space    used 4826K, capacity 5210K, committed 5248K, reserved 1048576K
GC Heap History (10 events):
Event: 17.745 GC heap before
{Heap before GC invocations=12 (full 1):
 PSYoungGen      total 123392K, used 114287K [0x00000000ec380000, 0x00000000f5300000, 0x0000000100000000)
  eden space 100864K, 100% used [0x00000000ec380000,0x00000000f2600000,0x00000000f2600000)
  from space 22528K, 59% used [0x00000000f3c00000,0x00000000f491be70,0x00000000f5200000)
  to   space 22528K, 0% used [0x00000000f2600000,0x00000000f2600000,0x00000000f3c00000)
 ParOldGen       total 54272K, used 42437K [0x00000000c4a00000, 0x00000000c7f00000, 0x00000000ec380000)
  object space 54272K, 78% used [0x00000000c4a00000,0x00000000c7371440,0x00000000c7f00000)
 Metaspace       used 31475K, capacity 32226K, committed 32512K, reserved 1077248K
  class space    used 3735K, capacity 4004K, committed 4096K, reserved 1048576K
Event: 17.758 GC heap after
Heap after GC invocations=12 (full 1):
 PSYoungGen      total 123392K, used 13172K [0x00000000ec380000, 0x00000000f6c00000, 0x0000000100000000)
  eden space 100864K, 0% used [0x00000000ec380000,0x00000000ec380000,0x00000000f2600000)
  from space 22528K, 58% used [0x00000000f2600000,0x00000000f32dd008,0x00000000f3c00000)
  to   space 22528K, 0% used [0x00000000f5600000,0x00000000f5600000,0x00000000f6c00000)
 ParOldGen       total 54272K, used 42597K [0x00000000c4a00000, 0x00000000c7f00000, 0x00000000ec380000)
  object space 54272K, 78% used [0x00000000c4a00000,0x00000000c7399440,0x00000000c7f00000)
 Metaspace       used 31475K, capacity 32226K, committed 32512K, reserved 1077248K
  class space    used 3735K, capacity 4004K, committed 4096K, reserved 1048576K
}
Event: 23.055 GC heap before
{Heap before GC invocations=13 (full 1):
 PSYoungGen      total 123392K, used 69750K [0x00000000ec380000, 0x00000000f6c00000, 0x0000000100000000)
  eden space 100864K, 56% used [0x00000000ec380000,0x00000000efac08f8,0x00000000f2600000)
  from space 22528K, 58% used [0x00000000f2600000,0x00000000f32dd008,0x00000000f3c00000)
  to   space 22528K, 0% used [0x00000000f5600000,0x00000000f5600000,0x00000000f6c00000)
 ParOldGen       total 54272K, used 42597K [0x00000000c4a00000, 0x00000000c7f00000, 0x00000000ec380000)
  object space 54272K, 78% used [0x00000000c4a00000,0x00000000c7399440,0x00000000c7f00000)
 Metaspace       used 34542K, capacity 35292K, committed 35456K, reserved 1081344K
  class space    used 4117K, capacity 4400K, committed 4480K, reserved 1048576K
Event: 23.063 GC heap after
Heap after GC invocations=13 (full 1):
 PSYoungGen      total 139776K, used 7214K [0x00000000ec380000, 0x00000000f6600000, 0x0000000100000000)
  eden space 123392K, 0% used [0x00000000ec380000,0x00000000ec380000,0x00000000f3c00000)
  from space 16384K, 44% used [0x00000000f5600000,0x00000000f5d0b810,0x00000000f6600000)
  to   space 21504K, 0% used [0x00000000f3c00000,0x00000000f3c00000,0x00000000f5100000)
 ParOldGen       total 54272K, used 42605K [0x00000000c4a00000, 0x00000000c7f00000, 0x00000000ec380000)
  object space 54272K, 78% used [0x00000000c4a00000,0x00000000c739b440,0x00000000c7f00000)
 Metaspace       used 34542K, capacity 35292K, committed 35456K, reserved 1081344K
  class space    used 4117K, capacity 4400K, committed 4480K, reserved 1048576K
}
Event: 23.064 GC heap before
{Heap before GC invocations=14 (full 2):
 PSYoungGen      total 139776K, used 7214K [0x00000000ec380000, 0x00000000f6600000, 0x0000000100000000)
  eden space 123392K, 0% used [0x00000000ec380000,0x00000000ec380000,0x00000000f3c00000)
  from space 16384K, 44% used [0x00000000f5600000,0x00000000f5d0b810,0x00000000f6600000)
  to   space 21504K, 0% used [0x00000000f3c00000,0x00000000f3c00000,0x00000000f5100000)
 ParOldGen       total 54272K, used 42605K [0x00000000c4a00000, 0x00000000c7f00000, 0x00000000ec380000)
  object space 54272K, 78% used [0x00000000c4a00000,0x00000000c739b440,0x00000000c7f00000)
 Metaspace       used 34542K, capacity 35292K, committed 35456K, reserved 1081344K
  class space    used 4117K, capacity 4400K, committed 4480K, reserved 1048576K
Event: 23.215 GC heap after
Heap after GC invocations=14 (full 2):
 PSYoungGen      total 139776K, used 0K [0x00000000ec380000, 0x00000000f6600000, 0x0000000100000000)
  eden space 123392K, 0% used [0x00000000ec380000,0x00000000ec380000,0x00000000f3c00000)
  from space 16384K, 0% used [0x00000000f5600000,0x00000000f5600000,0x00000000f6600000)
  to   space 21504K, 0% used [0x00000000f3c00000,0x00000000f3c00000,0x00000000f5100000)
 ParOldGen       total 80384K, used 31350K [0x00000000c4a00000, 0x00000000c9880000, 0x00000000ec380000)
  object space 80384K, 39% used [0x00000000c4a00000,0x00000000c689d8d0,0x00000000c9880000)
 Metaspace       used 34542K, capacity 35292K, committed 35456K, reserved 1081344K
  class space    used 4117K, capacity 4400K, committed 4480K, reserved 1048576K
}
Event: 151.245 GC heap before
{Heap before GC invocations=15 (full 2):
 PSYoungGen      total 139776K, used 123392K [0x00000000ec380000, 0x00000000f6600000, 0x0000000100000000)
  eden space 123392K, 100% used [0x00000000ec380000,0x00000000f3c00000,0x00000000f3c00000)
  from space 16384K, 0% used [0x00000000f5600000,0x00000000f5600000,0x00000000f6600000)
  to   space 21504K, 0% used [0x00000000f3c00000,0x00000000f3c00000,0x00000000f5100000)
 ParOldGen       total 80384K, used 31350K [0x00000000c4a00000, 0x00000000c9880000, 0x00000000ec380000)
  object space 80384K, 39% used [0x00000000c4a00000,0x00000000c689d8d0,0x00000000c9880000)
 Metaspace       used 40095K, capacity 41044K, committed 41344K, reserved 1085440K
  class space    used 4824K, capacity 5208K, committed 5248K, reserved 1048576K
Event: 151.265 GC heap after
Heap after GC invocations=15 (full 2):
 PSYoungGen      total 144896K, used 20011K [0x00000000ec380000, 0x00000000f8980000, 0x0000000100000000)
  eden space 123392K, 0% used [0x00000000ec380000,0x00000000ec380000,0x00000000f3c00000)
  from space 21504K, 93% used [0x00000000f3c00000,0x00000000f4f8afd0,0x00000000f5100000)
  to   space 24064K, 0% used [0x00000000f7200000,0x00000000f7200000,0x00000000f8980000)
 ParOldGen       total 80384K, used 31358K [0x00000000c4a00000, 0x00000000c9880000, 0x00000000ec380000)
  object space 80384K, 39% used [0x00000000c4a00000,0x00000000c689f8d0,0x00000000c9880000)
 Metaspace       used 40095K, capacity 41044K, committed 41344K, reserved 1085440K
  class space    used 4824K, capacity 5208K, committed 5248K, reserved 1048576K
}
Event: 152.596 GC heap before
{Heap before GC invocations=16 (full 2):
 PSYoungGen      total 144896K, used 143403K [0x00000000ec380000, 0x00000000f8980000, 0x0000000100000000)
  eden space 123392K, 100% used [0x00000000ec380000,0x00000000f3c00000,0x00000000f3c00000)
  from space 21504K, 93% used [0x00000000f3c00000,0x00000000f4f8afd0,0x00000000f5100000)
  to   space 24064K, 0% used [0x00000000f7200000,0x00000000f7200000,0x00000000f8980000)
 ParOldGen       total 80384K, used 31358K [0x00000000c4a00000, 0x00000000c9880000, 0x00000000ec380000)
  object space 80384K, 39% used [0x00000000c4a00000,0x00000000c689f8d0,0x00000000c9880000)
 Metaspace       used 40106K, capacity 41054K, committed 41344K, reserved 1085440K
  class space    used 4826K, capacity 5210K, committed 5248K, reserved 1048576K
Event: 152.634 GC heap after
Heap after GC invocations=16 (full 2):
 PSYoungGen      total 147456K, used 24063K [0x00000000ec380000, 0x00000000f8980000, 0x0000000100000000)
  eden space 123392K, 0% used [0x00000000ec380000,0x00000000ec380000,0x00000000f3c00000)
  from space 24064K, 99% used [0x00000000f7200000,0x00000000f897fe28,0x00000000f8980000)
  to   space 21504K, 0% used [0x00000000f3c00000,0x00000000f3c00000,0x00000000f5100000)
 ParOldGen       total 80384K, used 39013K [0x00000000c4a00000, 0x00000000c9880000, 0x00000000ec380000)
  object space 80384K, 48% used [0x00000000c4a00000,0x00000000c70195e0,0x00000000c9880000)
 Metaspace       used 40106K, capacity 41054K, committed 41344K, reserved 1085440K
  class space    used 4826K, capacity 5210K, committed 5248K, reserved 1048576K
}

